c:\users\cyhong\source\repos\baekjoon\baekjoon\x64\debug\vc143.pdb
c:\users\cyhong\source\repos\baekjoon\baekjoon\x64\debug\vc143.idb
c:\users\cyhong\source\repos\baekjoon\baekjoon\x64\debug\2588.obj
c:\users\cyhong\source\repos\baekjoon\baekjoon\x64\debug\10951.obj
c:\users\cyhong\source\repos\baekjoon\baekjoon\x64\debug\11719.obj
c:\users\cyhong\source\repos\baekjoon\baekjoon\x64\debug\11718.obj
c:\users\cyhong\source\repos\baekjoon\baekjoon\x64\debug\11720.obj
c:\users\cyhong\source\repos\baekjoon\baekjoon\x64\debug\11721.obj
c:\users\cyhong\source\repos\baekjoon\baekjoon\x64\debug\2741.obj
c:\users\cyhong\source\repos\baekjoon\baekjoon\x64\debug\2742.obj
c:\users\cyhong\source\repos\baekjoon\baekjoon\x64\debug\2739.obj
c:\users\cyhong\source\repos\baekjoon\baekjoon\x64\debug\1924.obj
c:\users\cyhong\source\repos\baekjoon\baekjoon\x64\debug\8393.obj
c:\users\cyhong\source\repos\baekjoon\baekjoon\x64\debug\10818.obj
c:\users\cyhong\source\repos\baekjoon\baekjoon\x64\debug\2438.obj
c:\users\cyhong\source\repos\baekjoon\baekjoon\x64\debug\2439.obj
c:\users\cyhong\source\repos\baekjoon\baekjoon\x64\debug\2440.obj
c:\users\cyhong\source\repos\baekjoon\baekjoon\x64\debug\2441.obj
c:\users\cyhong\source\repos\baekjoon\baekjoon\x64\debug\2442.obj
c:\users\cyhong\source\repos\baekjoon\baekjoon\x64\debug\2445.obj
c:\users\cyhong\source\repos\baekjoon\baekjoon\x64\debug\2798.obj
c:\users\cyhong\source\repos\baekjoon\baekjoon\x64\debug\1436.obj
c:\users\cyhong\source\repos\baekjoon\baekjoon\x64\debug\1065.obj
c:\users\cyhong\source\repos\baekjoon\baekjoon\x64\debug\2231.obj
c:\users\cyhong\source\repos\baekjoon\baekjoon\x64\debug\2839.obj
c:\users\cyhong\source\repos\baekjoon\baekjoon\x64\debug\11659.obj
c:\users\cyhong\source\repos\baekjoon\baekjoon\x64\debug\11660.obj
c:\users\cyhong\source\repos\baekjoon\baekjoon\x64\debug\10986.obj
c:\users\cyhong\source\repos\baekjoon\baekjoon\x64\debug\2018.obj
c:\users\cyhong\source\repos\baekjoon\baekjoon\x64\debug\1940.obj
c:\users\cyhong\source\repos\baekjoon\baekjoon\x64\debug\1253_best.obj
c:\users\cyhong\source\repos\baekjoon\baekjoon\x64\debug\1253.obj
c:\users\cyhong\source\repos\baekjoon\baekjoon\x64\debug\12891.obj
c:\users\cyhong\source\repos\baekjoon\baekjoon\x64\debug\11003.obj
c:\users\cyhong\source\repos\baekjoon\baekjoon\x64\debug\1874.obj
c:\users\cyhong\source\repos\baekjoon\baekjoon\x64\debug\1874_best.obj
c:\users\cyhong\source\repos\baekjoon\baekjoon\x64\debug\17298.obj
c:\users\cyhong\source\repos\baekjoon\baekjoon\x64\debug\2164.obj
c:\users\cyhong\source\repos\baekjoon\baekjoon\x64\debug\11286.obj
c:\users\cyhong\source\repos\baekjoon\baekjoon\x64\debug\1427.obj
c:\users\cyhong\source\repos\baekjoon\baekjoon\x64\debug\11399.obj
c:\users\cyhong\source\repos\baekjoon\baekjoon\x64\debug\11004.obj
c:\users\cyhong\source\repos\baekjoon\baekjoon\x64\debug\2751.obj
c:\users\cyhong\source\repos\baekjoon\baekjoon\x64\debug\1517.obj
c:\users\cyhong\source\repos\baekjoon\x64\debug\baekjoon.exe
c:\users\cyhong\source\repos\baekjoon\baekjoon\x64\debug\baekjoon.ilk
c:\users\cyhong\source\repos\baekjoon\x64\debug\baekjoon.pdb
c:\users\cyhong\source\repos\baekjoon\baekjoon\x64\debug\10950.obj
c:\users\cyhong\source\repos\baekjoon\baekjoon\x64\debug\10952.obj
c:\users\cyhong\source\repos\baekjoon\baekjoon\x64\debug\10953.obj
c:\users\cyhong\source\repos\baekjoon\baekjoon\x64\debug\11021.obj
c:\users\cyhong\source\repos\baekjoon\baekjoon\x64\debug\11022.obj
c:\users\cyhong\source\repos\baekjoon\baekjoon\x64\debug\1546.obj
c:\users\cyhong\source\repos\baekjoon\baekjoon\x64\debug\2751_best.obj
c:\users\cyhong\source\repos\baekjoon\baekjoon\x64\debug\baekjoon.tlog\cl.command.1.tlog
c:\users\cyhong\source\repos\baekjoon\baekjoon\x64\debug\baekjoon.tlog\cl.read.1.tlog
c:\users\cyhong\source\repos\baekjoon\baekjoon\x64\debug\baekjoon.tlog\cl.write.1.tlog
c:\users\cyhong\source\repos\baekjoon\baekjoon\x64\debug\baekjoon.tlog\link.command.1.tlog
c:\users\cyhong\source\repos\baekjoon\baekjoon\x64\debug\baekjoon.tlog\link.read.1.tlog
c:\users\cyhong\source\repos\baekjoon\baekjoon\x64\debug\baekjoon.tlog\link.write.1.tlog
